1521344965223	geckodriver	INFO	geckodriver 0.20.0
1521344965238	geckodriver	INFO	Listening on 127.0.0.1:59009
1521344966392	mozrunner::runner	INFO	Running command: "/usr/bin/firefox" "-marionette" "-profile" "/tmp/rust_mozprofile.sUePMxFSPOQY"
1521344971739	Marionette	INFO	Enabled via --marionette
1521344977778	Marionette	INFO	Listening on port 35383
1521344978409	Marionette	WARN	TLS certificate errors will be ignored for this session
1521345095672	geckodriver	INFO	geckodriver 0.20.0
1521345095697	geckodriver	INFO	Listening on 127.0.0.1:40075
1521345096758	mozrunner::runner	INFO	Running command: "/usr/bin/firefox" "-marionette" "-profile" "/tmp/rust_mozprofile.48ktO7Pk4syv"
1521345099725	Marionette	INFO	Enabled via --marionette
1521345104949	Marionette	INFO	Listening on port 35849
1521345104985	Marionette	WARN	TLS certificate errors will be ignored for this session
1521345197356	geckodriver	INFO	geckodriver 0.20.0
1521345197363	geckodriver	INFO	Listening on 127.0.0.1:57321
1521345198368	mozrunner::runner	INFO	Running command: "/usr/bin/firefox" "-marionette" "-profile" "/tmp/rust_mozprofile.zfortfF4MFmI"
1521345199396	Marionette	INFO	Enabled via --marionette
1521345202683	Marionette	INFO	Listening on port 44809
1521345203752	Marionette	WARN	TLS certificate errors will be ignored for this session
JavaScript warning: https://my.binghamton.edu/assets/js/jquery.min.js, line 1: Using //@ to indicate sourceMappingURL pragmas is deprecated. Use //# instead
[Parent 2957, Gecko_IOThread] WARNING: pipe error (105): Connection reset by peer: file /build/firefox-9j9NY8/firefox-58.0.2+build1/ipc/chromium/src/chrome/common/ipc_channel_posix.cc, line 353
1521345519068	geckodriver	INFO	geckodriver 0.20.0
1521345519075	geckodriver	INFO	Listening on 127.0.0.1:55145
1521345520081	mozrunner::runner	INFO	Running command: "/usr/bin/firefox" "-marionette" "-profile" "/tmp/rust_mozprofile.hHzr6FLhBK75"
1521345521096	Marionette	INFO	Enabled via --marionette
1521345524360	Marionette	INFO	Listening on port 45577
1521345524418	Marionette	WARN	TLS certificate errors will be ignored for this session
1521345764937	geckodriver	INFO	geckodriver 0.20.0
1521345764947	geckodriver	INFO	Listening on 127.0.0.1:40155
1521345765945	mozrunner::runner	INFO	Running command: "/usr/bin/firefox" "-marionette" "-profile" "/tmp/rust_mozprofile.atdTi31tVO9E"
1521345767811	Marionette	INFO	Enabled via --marionette
1521345771466	addons.xpi	WARN	Exception running bootstrap method shutdown on activity-stream@mozilla.org: [Exception... "Component returned failure code: 0x80004005 (NS_ERROR_FAILURE) [nsIObserverService.removeObserver]"  nsresult: "0x80004005 (NS_ERROR_FAILURE)"  location: "JS frame :: resource://activity-stream/lib/SnippetsFeed.jsm :: uninit :: line 125"  data: no] Stack trace: uninit()@resource://activity-stream/lib/SnippetsFeed.jsm:125 < onAction()@resource://activity-stream/lib/SnippetsFeed.jsm:141 < _middleware/</<()@resource://activity-stream/lib/Store.jsm:51 < Store/this[method]()@resource://activity-stream/lib/Store.jsm:30 < uninit()@resource://activity-stream/lib/Store.jsm:153 < uninit()@resource://activity-stream/lib/ActivityStream.jsm:278 < uninit()@resource://gre/modules/addons/XPIProvider.jsm -> jar:file:///usr/lib/firefox/browser/features/activity-stream@mozilla.org.xpi!/bootstrap.js:80 < shutdown()@resource://gre/modules/addons/XPIProvider.jsm -> jar:file:///usr/lib/firefox/browser/features/activity-stream@mozilla.org.xpi!/bootstrap.js:196 < callBootstrapMethod()@resource://gre/modules/addons/XPIProvider.jsm:4406 < observe()@resource://gre/modules/addons/XPIProvider.jsm:2270
1521345771653	Marionette	INFO	Listening on port 44243
JavaScript error: resource://shield-recipe-client/lib/ShieldRecipeClient.jsm, line 70: TypeError: log is undefined
*** UTM:SVC TimerManager:registerTimer called after profile-before-change notification. Ignoring timer registration for id: telemetry_modules_ping
1521345781986	geckodriver	INFO	geckodriver 0.20.0
1521345781993	geckodriver	INFO	Listening on 127.0.0.1:34461
1521345782998	mozrunner::runner	INFO	Running command: "/usr/bin/firefox" "-marionette" "-profile" "/tmp/rust_mozprofile.D1aXdOiTfRbX"
1521345784130	Marionette	INFO	Enabled via --marionette
1521345787476	Marionette	INFO	Listening on port 35467
1521345788519	Marionette	WARN	TLS certificate errors will be ignored for this session
1521345818198	geckodriver	INFO	geckodriver 0.20.0
1521345818204	geckodriver	INFO	Listening on 127.0.0.1:49459
1521345819208	mozrunner::runner	INFO	Running command: "/usr/bin/firefox" "-marionette" "-profile" "/tmp/rust_mozprofile.LvgpMNrUPInE"
1521345820358	Marionette	INFO	Enabled via --marionette
1521345823777	Marionette	INFO	Listening on port 41789
1521345824847	Marionette	WARN	TLS certificate errors will be ignored for this session
1521346062857	geckodriver	INFO	geckodriver 0.20.0
1521346062876	geckodriver	INFO	Listening on 127.0.0.1:35487
1521346063879	mozrunner::runner	INFO	Running command: "/usr/bin/firefox" "-marionette" "-profile" "/tmp/rust_mozprofile.SGH6HdYlQcUw"
1521346067675	Marionette	INFO	Enabled via --marionette
1521346081979	Marionette	INFO	Listening on port 36327
1521346083813	Marionette	WARN	TLS certificate errors will be ignored for this session
1521346146633	geckodriver	INFO	geckodriver 0.20.0
1521346146647	geckodriver	INFO	Listening on 127.0.0.1:59599
1521346147677	mozrunner::runner	INFO	Running command: "/usr/bin/firefox" "-marionette" "-profile" "/tmp/rust_mozprofile.DEbF0akZi9qn"
1521346153235	Marionette	INFO	Enabled via --marionette
1521346158564	Marionette	INFO	Listening on port 46803
1521346159619	Marionette	WARN	TLS certificate errors will be ignored for this session
1521346238558	geckodriver	INFO	geckodriver 0.20.0
1521346238564	geckodriver	INFO	Listening on 127.0.0.1:36285
1521346239566	mozrunner::runner	INFO	Running command: "/usr/bin/firefox" "-marionette" "-profile" "/tmp/rust_mozprofile.B6iLfxajUVy7"
1521346240620	Marionette	INFO	Enabled via --marionette
1521346243978	Marionette	INFO	Listening on port 35119
1521346243993	Marionette	WARN	TLS certificate errors will be ignored for this session
1521346307844	geckodriver	INFO	geckodriver 0.20.0
1521346307855	geckodriver	INFO	Listening on 127.0.0.1:33001
1521346308855	mozrunner::runner	INFO	Running command: "/usr/bin/firefox" "-marionette" "-profile" "/tmp/rust_mozprofile.TW30zWvMg5gK"
1521346311574	Marionette	INFO	Enabled via --marionette
1521346325246	Marionette	INFO	Listening on port 42317
1521346325498	Marionette	WARN	TLS certificate errors will be ignored for this session
JavaScript warning: https://my.binghamton.edu/assets/js/jquery.min.js, line 1: Using //@ to indicate sourceMappingURL pragmas is deprecated. Use //# instead
1521346489819	geckodriver	INFO	geckodriver 0.20.0
1521346489888	geckodriver	INFO	Listening on 127.0.0.1:34277
1521346490756	mozrunner::runner	INFO	Running command: "/usr/bin/firefox" "-marionette" "-profile" "/tmp/rust_mozprofile.sdE9vha1S7NF"
1521346495395	Marionette	INFO	Enabled via --marionette
1521346502242	Marionette	INFO	Listening on port 36579
1521346502297	Marionette	WARN	TLS certificate errors will be ignored for this session
JavaScript warning: https://my.binghamton.edu/assets/js/jquery.min.js, line 1: Using //@ to indicate sourceMappingURL pragmas is deprecated. Use //# instead
[Parent 5058, Gecko_IOThread] WARNING: pipe error (87): Connection reset by peer: file /build/firefox-9j9NY8/firefox-58.0.2+build1/ipc/chromium/src/chrome/common/ipc_channel_posix.cc, line 353
*** UTM:SVC TimerManager:registerTimer called after profile-before-change notification. Ignoring timer registration for id: telemetry_modules_ping
1521346935894	geckodriver	INFO	geckodriver 0.20.0
1521346935900	geckodriver	INFO	Listening on 127.0.0.1:43553
1521346936904	mozrunner::runner	INFO	Running command: "/usr/bin/firefox" "-marionette" "-profile" "/tmp/rust_mozprofile.TGC0DCOt0sQI"
1521346938256	Marionette	INFO	Enabled via --marionette
1521346941737	Marionette	INFO	Listening on port 36823
1521346942822	Marionette	WARN	TLS certificate errors will be ignored for this session
JavaScript warning: https://my.binghamton.edu/assets/js/jquery.min.js, line 1: Using //@ to indicate sourceMappingURL pragmas is deprecated. Use //# instead
[Parent 5380, Gecko_IOThread] WARNING: pipe error (85): Connection reset by peer: file /build/firefox-9j9NY8/firefox-58.0.2+build1/ipc/chromium/src/chrome/common/ipc_channel_posix.cc, line 353
1521347309953	geckodriver	INFO	geckodriver 0.20.0
1521347309960	geckodriver	INFO	Listening on 127.0.0.1:57049
1521347310963	mozrunner::runner	INFO	Running command: "/usr/bin/firefox" "-marionette" "-profile" "/tmp/rust_mozprofile.QsFPqRb6aIAp"
1521347311933	Marionette	INFO	Enabled via --marionette
1521347315304	Marionette	INFO	Listening on port 39455
1521347315382	Marionette	WARN	TLS certificate errors will be ignored for this session
JavaScript warning: https://my.binghamton.edu/assets/js/jquery.min.js, line 1: Using //@ to indicate sourceMappingURL pragmas is deprecated. Use //# instead
1521347913273	geckodriver	INFO	geckodriver 0.20.0
1521347913279	geckodriver	INFO	Listening on 127.0.0.1:41603
1521347914281	mozrunner::runner	INFO	Running command: "/usr/bin/firefox" "-marionette" "-profile" "/tmp/rust_mozprofile.SMNXe41VgRhq"
1521347915425	Marionette	INFO	Enabled via --marionette
1521347918604	Marionette	INFO	Listening on port 37117
1521347919603	Marionette	WARN	TLS certificate errors will be ignored for this session
JavaScript warning: https://my.binghamton.edu/assets/js/jquery.min.js, line 1: Using //@ to indicate sourceMappingURL pragmas is deprecated. Use //# instead
[Parent 6104, Gecko_IOThread] WARNING: pipe error (106): Connection reset by peer: file /build/firefox-9j9NY8/firefox-58.0.2+build1/ipc/chromium/src/chrome/common/ipc_channel_posix.cc, line 353
1521348051855	geckodriver	INFO	geckodriver 0.20.0
1521348051861	geckodriver	INFO	Listening on 127.0.0.1:42697
1521348052866	mozrunner::runner	INFO	Running command: "/usr/bin/firefox" "-marionette" "-profile" "/tmp/rust_mozprofile.O0KcdHGVaoWI"
1521348053835	Marionette	INFO	Enabled via --marionette
1521348057033	Marionette	INFO	Listening on port 41631
1521348058005	Marionette	WARN	TLS certificate errors will be ignored for this session
JavaScript warning: https://my.binghamton.edu/assets/js/jquery.min.js, line 1: Using //@ to indicate sourceMappingURL pragmas is deprecated. Use //# instead
1521348197232	geckodriver	INFO	geckodriver 0.20.0
1521348197238	geckodriver	INFO	Listening on 127.0.0.1:52673
1521348198243	mozrunner::runner	INFO	Running command: "/usr/bin/firefox" "-marionette" "-profile" "/tmp/rust_mozprofile.pPlP77TgkoWD"
1521348199579	Marionette	INFO	Enabled via --marionette
1521348203238	Marionette	INFO	Listening on port 40095
1521348204264	Marionette	WARN	TLS certificate errors will be ignored for this session
JavaScript warning: https://my.binghamton.edu/assets/js/jquery.min.js, line 1: Using //@ to indicate sourceMappingURL pragmas is deprecated. Use //# instead
1521348361259	geckodriver	INFO	geckodriver 0.20.0
1521348361265	geckodriver	INFO	Listening on 127.0.0.1:59497
1521348362265	mozrunner::runner	INFO	Running command: "/usr/bin/firefox" "-marionette" "-profile" "/tmp/rust_mozprofile.JhivWV70qzQJ"
1521348363400	Marionette	INFO	Enabled via --marionette
1521348366592	Marionette	INFO	Listening on port 44293
1521348367686	Marionette	WARN	TLS certificate errors will be ignored for this session
JavaScript warning: https://my.binghamton.edu/assets/js/jquery.min.js, line 1: Using //@ to indicate sourceMappingURL pragmas is deprecated. Use //# instead
[Parent 6971, Gecko_IOThread] WARNING: pipe error (107): Connection reset by peer: file /build/firefox-9j9NY8/firefox-58.0.2+build1/ipc/chromium/src/chrome/common/ipc_channel_posix.cc, line 353
*** UTM:SVC TimerManager:registerTimer called after profile-before-change notification. Ignoring timer registration for id: telemetry_modules_ping
1521348448225	geckodriver	INFO	geckodriver 0.20.0
1521348448231	geckodriver	INFO	Listening on 127.0.0.1:49149
1521348449236	mozrunner::runner	INFO	Running command: "/usr/bin/firefox" "-marionette" "-profile" "/tmp/rust_mozprofile.OMzzuzd7UnsQ"
1521348450473	Marionette	INFO	Enabled via --marionette
1521348453718	Marionette	INFO	Listening on port 32869
1521348453753	Marionette	WARN	TLS certificate errors will be ignored for this session
JavaScript warning: https://my.binghamton.edu/assets/js/jquery.min.js, line 1: Using //@ to indicate sourceMappingURL pragmas is deprecated. Use //# instead
1521348700409	geckodriver	INFO	geckodriver 0.20.0
1521348700416	geckodriver	INFO	Listening on 127.0.0.1:35365
1521348701420	mozrunner::runner	INFO	Running command: "/usr/bin/firefox" "-marionette" "-profile" "/tmp/rust_mozprofile.5d7ma3tQj0dk"
1521348702533	Marionette	INFO	Enabled via --marionette
1521348705998	Marionette	INFO	Listening on port 38401
1521348706041	Marionette	WARN	TLS certificate errors will be ignored for this session
JavaScript warning: https://my.binghamton.edu/assets/js/jquery.min.js, line 1: Using //@ to indicate sourceMappingURL pragmas is deprecated. Use //# instead
1521348772359	geckodriver	INFO	geckodriver 0.20.0
1521348772368	geckodriver	INFO	Listening on 127.0.0.1:33273
1521348773369	mozrunner::runner	INFO	Running command: "/usr/bin/firefox" "-marionette" "-profile" "/tmp/rust_mozprofile.tgdNRLCnXgLd"
1521348774884	Marionette	INFO	Enabled via --marionette
1521348779193	Marionette	INFO	Listening on port 45909
1521348780180	Marionette	WARN	TLS certificate errors will be ignored for this session
JavaScript warning: https://my.binghamton.edu/assets/js/jquery.min.js, line 1: Using //@ to indicate sourceMappingURL pragmas is deprecated. Use //# instead
[Parent 8039, Gecko_IOThread] WARNING: pipe error (102): Connection reset by peer: file /build/firefox-9j9NY8/firefox-58.0.2+build1/ipc/chromium/src/chrome/common/ipc_channel_posix.cc, line 353
[Parent 7282, Gecko_IOThread] WARNING: pipe error (89): Connection reset by peer: file /build/firefox-9j9NY8/firefox-58.0.2+build1/ipc/chromium/src/chrome/common/ipc_channel_posix.cc, line 353

###!!! [Child][RunMessage] Error: Channel closing: too late to send/recv, messages will be lost

1521348949291	geckodriver	INFO	geckodriver 0.20.0
1521348949298	geckodriver	INFO	Listening on 127.0.0.1:33705
1521348950381	mozrunner::runner	INFO	Running command: "/usr/bin/firefox" "-marionette" "-profile" "/tmp/rust_mozprofile.kRv8iBtQ0WeD"
1521348953647	Marionette	INFO	Enabled via --marionette
1521348958918	Marionette	INFO	Listening on port 44473
1521348958938	Marionette	WARN	TLS certificate errors will be ignored for this session
JavaScript warning: https://my.binghamton.edu/assets/js/jquery.min.js, line 1: Using //@ to indicate sourceMappingURL pragmas is deprecated. Use //# instead
1521349107932	geckodriver	INFO	geckodriver 0.20.0
1521349107938	geckodriver	INFO	Listening on 127.0.0.1:46759
1521349108943	mozrunner::runner	INFO	Running command: "/usr/bin/firefox" "-marionette" "-profile" "/tmp/rust_mozprofile.V2KQZqJHTZPu"
1521349110104	Marionette	INFO	Enabled via --marionette
1521349113291	Marionette	INFO	Listening on port 34949
1521349113367	Marionette	WARN	TLS certificate errors will be ignored for this session
JavaScript warning: https://my.binghamton.edu/assets/js/jquery.min.js, line 1: Using //@ to indicate sourceMappingURL pragmas is deprecated. Use //# instead
1521349188660	geckodriver	INFO	geckodriver 0.20.0
1521349188667	geckodriver	INFO	Listening on 127.0.0.1:43313
1521349189671	mozrunner::runner	INFO	Running command: "/usr/bin/firefox" "-marionette" "-profile" "/tmp/rust_mozprofile.Rq21OC5gTiPK"
1521349190702	Marionette	INFO	Enabled via --marionette
1521349193933	Marionette	INFO	Listening on port 41791
1521349194989	Marionette	WARN	TLS certificate errors will be ignored for this session
JavaScript warning: https://my.binghamton.edu/assets/js/jquery.min.js, line 1: Using //@ to indicate sourceMappingURL pragmas is deprecated. Use //# instead
1521349274303	geckodriver	INFO	geckodriver 0.20.0
1521349274309	geckodriver	INFO	Listening on 127.0.0.1:35379
1521349275400	mozrunner::runner	INFO	Running command: "/usr/bin/firefox" "-marionette" "-profile" "/tmp/rust_mozprofile.pqMexyno5IfF"
1521349276527	Marionette	INFO	Enabled via --marionette
1521349279963	Marionette	INFO	Listening on port 39839
1521349281032	Marionette	WARN	TLS certificate errors will be ignored for this session
JavaScript warning: https://my.binghamton.edu/assets/js/jquery.min.js, line 1: Using //@ to indicate sourceMappingURL pragmas is deprecated. Use //# instead
1521349508004	geckodriver	INFO	geckodriver 0.20.0
1521349508012	geckodriver	INFO	Listening on 127.0.0.1:43921
1521349509016	mozrunner::runner	INFO	Running command: "/usr/bin/firefox" "-marionette" "-profile" "/tmp/rust_mozprofile.n7XNEC5x3IEc"
1521349510073	Marionette	INFO	Enabled via --marionette
1521349513301	Marionette	INFO	Listening on port 40965
1521349513334	Marionette	WARN	TLS certificate errors will be ignored for this session
JavaScript warning: https://my.binghamton.edu/assets/js/jquery.min.js, line 1: Using //@ to indicate sourceMappingURL pragmas is deprecated. Use //# instead
1521349678970	geckodriver	INFO	geckodriver 0.20.0
1521349678977	geckodriver	INFO	Listening on 127.0.0.1:57799
1521349679979	mozrunner::runner	INFO	Running command: "/usr/bin/firefox" "-marionette" "-profile" "/tmp/rust_mozprofile.cbtiMLanTZcP"
1521349681027	Marionette	INFO	Enabled via --marionette
1521349684102	Marionette	INFO	Listening on port 40559
1521349685169	Marionette	WARN	TLS certificate errors will be ignored for this session
JavaScript warning: https://my.binghamton.edu/assets/js/jquery.min.js, line 1: Using //@ to indicate sourceMappingURL pragmas is deprecated. Use //# instead
[Parent 8393, Gecko_IOThread] WARNING: pipe error (86): Connection reset by peer: file /build/firefox-9j9NY8/firefox-58.0.2+build1/ipc/chromium/src/chrome/common/ipc_channel_posix.cc, line 353
1521351081646	geckodriver	INFO	geckodriver 0.20.0
1521351081653	geckodriver	INFO	Listening on 127.0.0.1:53599
1521351082655	mozrunner::runner	INFO	Running command: "/usr/bin/firefox" "-marionette" "-profile" "/tmp/rust_mozprofile.p4exJU2x16Tj"
1521351083714	Marionette	INFO	Enabled via --marionette
1521351086969	Marionette	INFO	Listening on port 46397
1521351086989	Marionette	WARN	TLS certificate errors will be ignored for this session
JavaScript warning: https://my.binghamton.edu/assets/js/jquery.min.js, line 1: Using //@ to indicate sourceMappingURL pragmas is deprecated. Use //# instead
[Parent 9880, Gecko_IOThread] WARNING: pipe error (101): Connection reset by peer: file /build/firefox-9j9NY8/firefox-58.0.2+build1/ipc/chromium/src/chrome/common/ipc_channel_posix.cc, line 353
JavaScript error: resource://devtools/shared/base-loader.js -> resource://devtools/server/actors/tab.js, line 1420: TypeError: this._tabPool is null
JavaScript error: resource://devtools/shared/base-loader.js -> resource://devtools/server/actors/tab.js, line 1420: TypeError: this._tabPool is null
1521351322369	geckodriver	INFO	geckodriver 0.20.0
1521351322375	geckodriver	INFO	Listening on 127.0.0.1:34899
1521351323379	mozrunner::runner	INFO	Running command: "/usr/bin/firefox" "-marionette" "-profile" "/tmp/rust_mozprofile.0YRINGCUIHyT"
1521351324434	Marionette	INFO	Enabled via --marionette
1521351328302	Marionette	INFO	Listening on port 39213
1521351329316	Marionette	WARN	TLS certificate errors will be ignored for this session
JavaScript warning: https://my.binghamton.edu/assets/js/jquery.min.js, line 1: Using //@ to indicate sourceMappingURL pragmas is deprecated. Use //# instead
console.warn: LoginRecipes: getRecipes: falling back to a synchronous message for: https://ssb.cc.binghamton.edu
1521351669777	geckodriver	INFO	geckodriver 0.20.0
1521351669783	geckodriver	INFO	Listening on 127.0.0.1:58147
1521351670789	mozrunner::runner	INFO	Running command: "/usr/bin/firefox" "-marionette" "-profile" "/tmp/rust_mozprofile.NLjWY8S6YxkP"
1521351672085	Marionette	INFO	Enabled via --marionette
1521351675362	Marionette	INFO	Listening on port 38619
1521351675418	Marionette	WARN	TLS certificate errors will be ignored for this session
JavaScript warning: https://my.binghamton.edu/assets/js/jquery.min.js, line 1: Using //@ to indicate sourceMappingURL pragmas is deprecated. Use //# instead
1521351794917	geckodriver	INFO	geckodriver 0.20.0
1521351794924	geckodriver	INFO	Listening on 127.0.0.1:59401
1521351795929	mozrunner::runner	INFO	Running command: "/usr/bin/firefox" "-marionette" "-profile" "/tmp/rust_mozprofile.WhEzycG8me48"
1521351797123	Marionette	INFO	Enabled via --marionette
1521351800938	Marionette	INFO	Listening on port 34929
1521351801894	Marionette	WARN	TLS certificate errors will be ignored for this session
JavaScript warning: https://my.binghamton.edu/assets/js/jquery.min.js, line 1: Using //@ to indicate sourceMappingURL pragmas is deprecated. Use //# instead
1521351919962	geckodriver	INFO	geckodriver 0.20.0
1521351919974	geckodriver	INFO	Listening on 127.0.0.1:51619
1521351920974	mozrunner::runner	INFO	Running command: "/usr/bin/firefox" "-marionette" "-profile" "/tmp/rust_mozprofile.aBJHpOGT6bVV"
1521351922138	Marionette	INFO	Enabled via --marionette
1521351925571	Marionette	INFO	Listening on port 34713
1521351925601	Marionette	WARN	TLS certificate errors will be ignored for this session
JavaScript warning: https://my.binghamton.edu/assets/js/jquery.min.js, line 1: Using //@ to indicate sourceMappingURL pragmas is deprecated. Use //# instead
JavaScript warning: https://my.binghamton.edu/assets/js/jquery.min.js, line 1: Using //@ to indicate sourceMappingURL pragmas is deprecated. Use //# instead
JavaScript warning: https://my.binghamton.edu/assets/js/jquery.min.js, line 1: Using //@ to indicate sourceMappingURL pragmas is deprecated. Use //# instead
1521352089930	geckodriver	INFO	geckodriver 0.20.0
1521352089942	geckodriver	INFO	Listening on 127.0.0.1:49979
1521352090941	mozrunner::runner	INFO	Running command: "/usr/bin/firefox" "-marionette" "-profile" "/tmp/rust_mozprofile.GdzEecQdr7HN"
1521352092144	Marionette	INFO	Enabled via --marionette
JavaScript warning: https://my.binghamton.edu/assets/js/jquery.min.js, line 1: Using //@ to indicate sourceMappingURL pragmas is deprecated. Use //# instead
1521352096513	Marionette	INFO	Listening on port 41345
1521352097551	Marionette	WARN	TLS certificate errors will be ignored for this session
JavaScript warning: https://my.binghamton.edu/assets/js/jquery.min.js, line 1: Using //@ to indicate sourceMappingURL pragmas is deprecated. Use //# instead
1521352415847	geckodriver	INFO	geckodriver 0.20.0
1521352415855	geckodriver	INFO	Listening on 127.0.0.1:59951
1521352416853	mozrunner::runner	INFO	Running command: "/usr/bin/firefox" "-marionette" "-profile" "/tmp/rust_mozprofile.YvC9EESAjd7t"
1521352418044	Marionette	INFO	Enabled via --marionette
1521352421703	Marionette	INFO	Listening on port 45467
1521352422688	Marionette	WARN	TLS certificate errors will be ignored for this session
JavaScript warning: https://my.binghamton.edu/assets/js/jquery.min.js, line 1: Using //@ to indicate sourceMappingURL pragmas is deprecated. Use //# instead
1521352465152	geckodriver	INFO	geckodriver 0.20.0
1521352465161	geckodriver	INFO	Listening on 127.0.0.1:33547
1521352466162	mozrunner::runner	INFO	Running command: "/usr/bin/firefox" "-marionette" "-profile" "/tmp/rust_mozprofile.H2Ubn3MwMsFz"
1521352467723	Marionette	INFO	Enabled via --marionette
1521352471669	Marionette	INFO	Listening on port 43193
1521352472604	Marionette	WARN	TLS certificate errors will be ignored for this session
JavaScript warning: https://my.binghamton.edu/assets/js/jquery.min.js, line 1: Using //@ to indicate sourceMappingURL pragmas is deprecated. Use //# instead

###!!! [Child][MessageChannel] Error: (msgtype=0x49000E,name=PHttpChannel::Msg_DeletingChannel) Channel closing: too late to send/recv, messages will be lost

[Parent 12132, Gecko_IOThread] WARNING: pipe error (107): Connection reset by peer: file /build/firefox-9j9NY8/firefox-58.0.2+build1/ipc/chromium/src/chrome/common/ipc_channel_posix.cc, line 353
[Parent 11832, Gecko_IOThread] WARNING: pipe error (98): Connection reset by peer: file /build/firefox-9j9NY8/firefox-58.0.2+build1/ipc/chromium/src/chrome/common/ipc_channel_posix.cc, line 353
1521352659637	geckodriver	INFO	geckodriver 0.20.0
1521352659648	geckodriver	INFO	Listening on 127.0.0.1:45641
1521352660648	mozrunner::runner	INFO	Running command: "/usr/bin/firefox" "-marionette" "-profile" "/tmp/rust_mozprofile.etcnraMpiZOi"
1521352662781	Marionette	INFO	Enabled via --marionette
1521352665934	Marionette	INFO	Listening on port 35763
1521352666966	Marionette	WARN	TLS certificate errors will be ignored for this session
JavaScript warning: https://my.binghamton.edu/assets/js/jquery.min.js, line 1: Using //@ to indicate sourceMappingURL pragmas is deprecated. Use //# instead
1521352931233	geckodriver	INFO	geckodriver 0.20.0
1521352931241	geckodriver	INFO	Listening on 127.0.0.1:44279
1521352932247	mozrunner::runner	INFO	Running command: "/usr/bin/firefox" "-marionette" "-profile" "/tmp/rust_mozprofile.gnNKdoRV6fnE"
1521352933212	Marionette	INFO	Enabled via --marionette
1521352936379	Marionette	INFO	Listening on port 45615
1521352937446	Marionette	WARN	TLS certificate errors will be ignored for this session
JavaScript warning: https://my.binghamton.edu/assets/js/jquery.min.js, line 1: Using //@ to indicate sourceMappingURL pragmas is deprecated. Use //# instead
1521353256784	geckodriver	INFO	geckodriver 0.20.0
1521353256792	geckodriver	INFO	Listening on 127.0.0.1:55981
1521353257796	mozrunner::runner	INFO	Running command: "/usr/bin/firefox" "-marionette" "-profile" "/tmp/rust_mozprofile.pIEj42lXGYYo"
1521353258900	Marionette	INFO	Enabled via --marionette
1521353262541	Marionette	INFO	Listening on port 37973
1521353263582	Marionette	WARN	TLS certificate errors will be ignored for this session
JavaScript warning: https://my.binghamton.edu/assets/js/jquery.min.js, line 1: Using //@ to indicate sourceMappingURL pragmas is deprecated. Use //# instead
[Parent 12826, Gecko_IOThread] WARNING: pipe error (108): Connection reset by peer: file /build/firefox-9j9NY8/firefox-58.0.2+build1/ipc/chromium/src/chrome/common/ipc_channel_posix.cc, line 353
[Parent 13302, Gecko_IOThread] WARNING: pipe error (100): Connection reset by peer: file /build/firefox-9j9NY8/firefox-58.0.2+build1/ipc/chromium/src/chrome/common/ipc_channel_posix.cc, line 353
*** UTM:SVC TimerManager:registerTimer called after profile-before-change notification. Ignoring timer registration for id: telemetry_modules_ping
1521353380568	geckodriver	INFO	geckodriver 0.20.0
1521353380574	geckodriver	INFO	Listening on 127.0.0.1:56849
1521353381579	mozrunner::runner	INFO	Running command: "/usr/bin/firefox" "-marionette" "-profile" "/tmp/rust_mozprofile.tkbrQghaEK93"
1521353382602	Marionette	INFO	Enabled via --marionette
1521353385689	Marionette	INFO	Listening on port 43573
1521353385710	Marionette	WARN	TLS certificate errors will be ignored for this session
JavaScript warning: https://my.binghamton.edu/assets/js/jquery.min.js, line 1: Using //@ to indicate sourceMappingURL pragmas is deprecated. Use //# instead
JavaScript error: resource://gre/modules/WebNavigationFrames.jsm, line 59: TypeError: window is null
JavaScript error: resource://gre/modules/WebNavigationFrames.jsm, line 59: TypeError: window is null
1521353573529	geckodriver	INFO	geckodriver 0.20.0
1521353573536	geckodriver	INFO	Listening on 127.0.0.1:51147
1521353574540	mozrunner::runner	INFO	Running command: "/usr/bin/firefox" "-marionette" "-profile" "/tmp/rust_mozprofile.YmzswhZM3BOk"
1521353575530	Marionette	INFO	Enabled via --marionette
1521353578672	Marionette	INFO	Listening on port 33487
1521353578763	Marionette	WARN	TLS certificate errors will be ignored for this session
JavaScript warning: https://my.binghamton.edu/assets/js/jquery.min.js, line 1: Using //@ to indicate sourceMappingURL pragmas is deprecated. Use //# instead
1521353670520	geckodriver	INFO	geckodriver 0.20.0
1521353670526	geckodriver	INFO	Listening on 127.0.0.1:41901
1521353671528	mozrunner::runner	INFO	Running command: "/usr/bin/firefox" "-marionette" "-profile" "/tmp/rust_mozprofile.pPGcC3KJTV11"
1521353672710	Marionette	INFO	Enabled via --marionette
1521353676078	Marionette	INFO	Listening on port 34349
1521353677145	Marionette	WARN	TLS certificate errors will be ignored for this session
JavaScript warning: https://my.binghamton.edu/assets/js/jquery.min.js, line 1: Using //@ to indicate sourceMappingURL pragmas is deprecated. Use //# instead
1521353740870	geckodriver	INFO	geckodriver 0.20.0
1521353740877	geckodriver	INFO	Listening on 127.0.0.1:34359
1521353741878	mozrunner::runner	INFO	Running command: "/usr/bin/firefox" "-marionette" "-profile" "/tmp/rust_mozprofile.y6Dlo3qA83UM"
1521353742984	Marionette	INFO	Enabled via --marionette
1521353746700	Marionette	INFO	Listening on port 33903
1521353747658	Marionette	WARN	TLS certificate errors will be ignored for this session
JavaScript warning: https://my.binghamton.edu/assets/js/jquery.min.js, line 1: Using //@ to indicate sourceMappingURL pragmas is deprecated. Use //# instead
*** UTM:SVC TimerManager:registerTimer called after profile-before-change notification. Ignoring timer registration for id: telemetry_modules_ping
[Parent 13852, Gecko_IOThread] WARNING: pipe error (95): Connection reset by peer: file /build/firefox-9j9NY8/firefox-58.0.2+build1/ipc/chromium/src/chrome/common/ipc_channel_posix.cc, line 353
1521353824372	geckodriver	INFO	geckodriver 0.20.0
1521353824379	geckodriver	INFO	Listening on 127.0.0.1:51423
1521353825384	mozrunner::runner	INFO	Running command: "/usr/bin/firefox" "-marionette" "-profile" "/tmp/rust_mozprofile.Vwe8fSGv8bhJ"
1521353826391	Marionette	INFO	Enabled via --marionette
1521353829516	Marionette	INFO	Listening on port 38821
1521353830592	Marionette	WARN	TLS certificate errors will be ignored for this session
JavaScript warning: https://my.binghamton.edu/assets/js/jquery.min.js, line 1: Using //@ to indicate sourceMappingURL pragmas is deprecated. Use //# instead
1521353878434	geckodriver	INFO	geckodriver 0.20.0
1521353878441	geckodriver	INFO	Listening on 127.0.0.1:56087
1521353879446	mozrunner::runner	INFO	Running command: "/usr/bin/firefox" "-marionette" "-profile" "/tmp/rust_mozprofile.02r8OAdpRSxa"
1521353880604	Marionette	INFO	Enabled via --marionette
1521353883769	Marionette	INFO	Listening on port 38767
1521353883782	Marionette	WARN	TLS certificate errors will be ignored for this session
JavaScript warning: https://my.binghamton.edu/assets/js/jquery.min.js, line 1: Using //@ to indicate sourceMappingURL pragmas is deprecated. Use //# instead

###!!! [Child][MessageChannel] Error: (msgtype=0x49000E,name=PHttpChannel::Msg_DeletingChannel) Channel closing: too late to send/recv, messages will be lost

[Parent 14667, Gecko_IOThread] WARNING: pipe error (103): Connection reset by peer: file /build/firefox-9j9NY8/firefox-58.0.2+build1/ipc/chromium/src/chrome/common/ipc_channel_posix.cc, line 353
1521353971145	geckodriver	INFO	geckodriver 0.20.0
1521353971150	geckodriver	INFO	Listening on 127.0.0.1:35623
1521353972156	mozrunner::runner	INFO	Running command: "/usr/bin/firefox" "-marionette" "-profile" "/tmp/rust_mozprofile.L6tGLCIn9hNB"
1521353973219	Marionette	INFO	Enabled via --marionette
1521353976538	Marionette	INFO	Listening on port 34555
1521353976577	Marionette	WARN	TLS certificate errors will be ignored for this session
JavaScript warning: https://my.binghamton.edu/assets/js/jquery.min.js, line 1: Using //@ to indicate sourceMappingURL pragmas is deprecated. Use //# instead

###!!! [Child][MessageChannel] Error: (msgtype=0x49000E,name=PHttpChannel::Msg_DeletingChannel) Channel closing: too late to send/recv, messages will be lost

1521354376656	geckodriver	INFO	geckodriver 0.20.0
1521354376662	geckodriver	INFO	Listening on 127.0.0.1:48891
1521354377667	mozrunner::runner	INFO	Running command: "/usr/bin/firefox" "-marionette" "-profile" "/tmp/rust_mozprofile.zOviaYfvoGEB"
1521354378610	Marionette	INFO	Enabled via --marionette
1521354382232	Marionette	INFO	Listening on port 43831
1521354382291	Marionette	WARN	TLS certificate errors will be ignored for this session
JavaScript warning: https://my.binghamton.edu/assets/js/jquery.min.js, line 1: Using //@ to indicate sourceMappingURL pragmas is deprecated. Use //# instead
console.warn: LoginRecipes: getRecipes: falling back to a synchronous message for: https://ssb.cc.binghamton.edu
console.warn: nsLoginManager: searchLogins: `formSubmitURL` or `httpRealm` is recommended
console.warn: LoginRecipes: getRecipes: falling back to a synchronous message for: https://ssb.cc.binghamton.edu
console.warn: nsLoginManager: searchLogins: `formSubmitURL` or `httpRealm` is recommended
1521354768571	geckodriver	INFO	geckodriver 0.20.0
1521354768578	geckodriver	INFO	Listening on 127.0.0.1:55505
1521354769583	mozrunner::runner	INFO	Running command: "/usr/bin/firefox" "-marionette" "-profile" "/tmp/rust_mozprofile.qXhkXI1XwKSf"
1521354770630	Marionette	INFO	Enabled via --marionette
1521354773855	Marionette	INFO	Listening on port 35957
1521354773910	Marionette	WARN	TLS certificate errors will be ignored for this session

###!!! [Child][RunMessage] Error: Channel closing: too late to send/recv, messages will be lost

[Parent 15844, Gecko_IOThread] WARNING: pipe error (95): Connection reset by peer: file /build/firefox-9j9NY8/firefox-58.0.2+build1/ipc/chromium/src/chrome/common/ipc_channel_posix.cc, line 353
1521354897921	geckodriver	INFO	geckodriver 0.20.0
1521354897928	geckodriver	INFO	Listening on 127.0.0.1:56959
1521354898933	mozrunner::runner	INFO	Running command: "/usr/bin/firefox" "-marionette" "-profile" "/tmp/rust_mozprofile.lwGGaY5v8s4S"
1521354899962	Marionette	INFO	Enabled via --marionette
1521354903119	Marionette	INFO	Listening on port 44445
1521354903148	Marionette	WARN	TLS certificate errors will be ignored for this session
JavaScript warning: https://my.binghamton.edu/assets/js/jquery.min.js, line 1: Using //@ to indicate sourceMappingURL pragmas is deprecated. Use //# instead
*** UTM:SVC TimerManager:registerTimer called after profile-before-change notification. Ignoring timer registration for id: telemetry_modules_ping
1521389417466	geckodriver	INFO	geckodriver 0.20.0
1521389417472	geckodriver	INFO	Listening on 127.0.0.1:45649
1521389418477	mozrunner::runner	INFO	Running command: "/usr/bin/firefox" "-marionette" "-profile" "/tmp/rust_mozprofile.GzwBF02p5SsH"
1521389420080	Marionette	INFO	Enabled via --marionette
1521389423387	Marionette	INFO	Listening on port 32979
1521389423401	Marionette	WARN	TLS certificate errors will be ignored for this session
JavaScript warning: https://my.binghamton.edu/assets/js/jquery.min.js, line 1: Using //@ to indicate sourceMappingURL pragmas is deprecated. Use //# instead
1521408258557	geckodriver	INFO	geckodriver 0.20.0
1521408258563	geckodriver	INFO	Listening on 127.0.0.1:47101
1521408259568	mozrunner::runner	INFO	Running command: "/usr/bin/firefox" "-marionette" "-profile" "/tmp/rust_mozprofile.Xm9iICLnC9R2"
